Determining if the pthread_create exist failed with the following output:
Change Dir: /home/ava/MicroFRED/build/CMakeFiles/CMakeTmp

Run Build Command:"/usr/bin/make" "cmTC_71d32/fast"
/usr/bin/make -f CMakeFiles/cmTC_71d32.dir/build.make CMakeFiles/cmTC_71d32.dir/build
make[1]: Entering directory '/home/ava/MicroFRED/build/CMakeFiles/CMakeTmp'
Building C object CMakeFiles/cmTC_71d32.dir/CheckSymbolExists.c.o
/usr/bin/cc    -o CMakeFiles/cmTC_71d32.dir/CheckSymbolExists.c.o   -c /home/ava/MicroFRED/build/CMakeFiles/CMakeTmp/CheckSymbolExists.c
Linking C executable cmTC_71d32
/usr/bin/cmake -E cmake_link_script CMakeFiles/cmTC_71d32.dir/link.txt --verbose=1
/usr/bin/cc      -rdynamic CMakeFiles/cmTC_71d32.dir/CheckSymbolExists.c.o  -o cmTC_71d32 
CMakeFiles/cmTC_71d32.dir/CheckSymbolExists.c.o: In function `main':
CheckSymbolExists.c:(.text+0x1b): undefined reference to `pthread_create'
collect2: error: ld returned 1 exit status
CMakeFiles/cmTC_71d32.dir/build.make:97: recipe for target 'cmTC_71d32' failed
make[1]: *** [cmTC_71d32] Error 1
make[1]: Leaving directory '/home/ava/MicroFRED/build/CMakeFiles/CMakeTmp'
Makefile:126: recipe for target 'cmTC_71d32/fast' failed
make: *** [cmTC_71d32/fast] Error 2

File /home/ava/MicroFRED/build/CMakeFiles/CMakeTmp/CheckSymbolExists.c:
/* */
#include <pthread.h>

int main(int argc, char** argv)
{
  (void)argv;
#ifndef pthread_create
  return ((int*)(&pthread_create))[argc];
#else
  (void)argc;
  return 0;
#endif
}

Determining if the function pthread_create exists in the pthreads failed with the following output:
Change Dir: /home/ava/MicroFRED/build/CMakeFiles/CMakeTmp

Run Build Command:"/usr/bin/make" "cmTC_dfbf0/fast"
/usr/bin/make -f CMakeFiles/cmTC_dfbf0.dir/build.make CMakeFiles/cmTC_dfbf0.dir/build
make[1]: Entering directory '/home/ava/MicroFRED/build/CMakeFiles/CMakeTmp'
Building C object CMakeFiles/cmTC_dfbf0.dir/CheckFunctionExists.c.o
/usr/bin/cc   -DCHECK_FUNCTION_EXISTS=pthread_create   -o CMakeFiles/cmTC_dfbf0.dir/CheckFunctionExists.c.o   -c /usr/share/cmake-3.10/Modules/CheckFunctionExists.c
Linking C executable cmTC_dfbf0
/usr/bin/cmake -E cmake_link_script CMakeFiles/cmTC_dfbf0.dir/link.txt --verbose=1
/usr/bin/cc  -DCHECK_FUNCTION_EXISTS=pthread_create    -rdynamic CMakeFiles/cmTC_dfbf0.dir/CheckFunctionExists.c.o  -o cmTC_dfbf0 -lpthreads 
/usr/bin/ld: cannot find -lpthreads
collect2: error: ld returned 1 exit status
CMakeFiles/cmTC_dfbf0.dir/build.make:97: recipe for target 'cmTC_dfbf0' failed
make[1]: *** [cmTC_dfbf0] Error 1
make[1]: Leaving directory '/home/ava/MicroFRED/build/CMakeFiles/CMakeTmp'
Makefile:126: recipe for target 'cmTC_dfbf0/fast' failed
make: *** [cmTC_dfbf0/fast] Error 2


